../model/DGTSV.f
../model/GhdTheory/bulk_viscosity.f
../model/GhdTheory/chi_ij_GHD.f
../model/GhdTheory/cooling_rate.f
../model/GhdTheory/cooling_rate_tc.f
../model/GhdTheory/dufour_coeff.f
../model/GhdTheory/ghd.f
../model/GhdTheory/ghdtheory_mod.f
../model/GhdTheory/mass_mobility.f
../model/GhdTheory/ordinary_diff.f
../model/GhdTheory/pressure.f
../model/GhdTheory/shear_viscosity.f
../model/GhdTheory/thermal_conductivity.f
../model/GhdTheory/thermal_diffusivity.f
../model/GhdTheory/thermal_mobility.f
../model/GhdTheory/transport_coeff_ghd.f
../model/allocate_arrays.f
../model/ambm_mod.f
../model/bc_mod.f
../model/boundfunijk_mod.f
../model/calc_cell.f
../model/calc_mu_s.f
../model/calc_mw.f
../model/calc_p_star.f
../model/calc_trd_s.f
../model/cartesian_grid/allocate_cut_cell_arrays.f
../model/cartesian_grid/allocate_dummy_cut_cell_arrays.f
../model/cartesian_grid/calc_vort_out.f
../model/cartesian_grid/cartesian_grid_init_namelist.f
../model/cartesian_grid/check_data_cartesian.f
../model/cartesian_grid/cut_cell_preprocessing.f
../model/cartesian_grid/cutcell_mod.f
../model/cartesian_grid/dashboard_mod.f
../model/cartesian_grid/deallocate_cut_cell_arrays.f
../model/cartesian_grid/define_quadrics.f
../model/cartesian_grid/dmp_cartesian.f
../model/cartesian_grid/eval_usr_fct.f
../model/cartesian_grid/get_alpha.f
../model/cartesian_grid/get_connectivity.f
../model/cartesian_grid/get_cut_cell_flags.f
../model/cartesian_grid/get_cut_cell_volume_area.f
../model/cartesian_grid/get_delh.f
../model/cartesian_grid/get_master.f
../model/cartesian_grid/get_poly_data.f
../model/cartesian_grid/get_stl_data.f
../model/cartesian_grid/polygon_mod.f
../model/cartesian_grid/progress_bar_mod.f
../model/cartesian_grid/quadric_mod.f
../model/cartesian_grid/set_Odxyz.f
../model/cartesian_grid/stl_mod.f
../model/cartesian_grid/vtk_mod.f
../model/cartesian_grid/vtk_out.f
../model/cartesian_grid/write_progress_bar.f
../model/cdist_mod.f
../model/check_data/check_axis.f
../model/check_data/check_dmp_prereqs.f
../model/check_data/check_gas_phase.f
../model/check_data/check_geometry.f
../model/check_data/check_geometry_prereqs.f
../model/check_data/check_solids_common_all.f
../model/check_data/check_solids_common_discrete.f
../model/check_data/check_solids_continuum.f
../model/check_data/check_solids_dem.f
../model/check_data/check_solids_model_prereqs.f
../model/check_data/check_solids_mppic.f
../model/check_data/check_solids_phases.f
../model/constant_mod.f
../model/cont_mod.f
../model/deprecated.f
../model/des/des_allocate_mod.f
../model/des/des_bc_mod.f
../model/des/des_init_arrays.f
../model/des/des_init_namelist.f
../model/des/des_rxns_mod.f
../model/des/des_stl_functions_mod.f
../model/des/des_thermo_mod.f
../model/des/desgrid_mod.f
../model/des/desmpi_mod.f
../model/des/desmpi_wrapper_mod.f
../model/des/discretelement_mod.f
../model/des/mfix_pic_mod.f
../model/des/mpi_comm_des_mod.f
../model/des/particle_filter_mod.f
../model/des/pic_bc_mod.f
../model/des/sendrecvnode_mod.f
../model/des/vtp_mod.f
../model/dmp_modules/compar_mod.f
../model/dmp_modules/dbg_util_mod.f
../model/dmp_modules/debug_mod.f
../model/dmp_modules/gridmap_mod.f
../model/dmp_modules/mpi_mod.f
../model/dmp_modules/mpi_utility_mod.f
../model/dmp_modules/parallel_mpi_mod.f
../model/dmp_modules/sendrecv_mod.f
../model/drag_mod.f
../model/energy_mod.f
../model/eos_mod.f
../model/error_manager_mod.f
../model/error_routine.f
../model/exit.f
../model/fldvar_mod.f
../model/flow_to_vel.f
../model/fun_avg_mod.f
../model/funits_mod.f
../model/geometry_mod.f
../model/get_bc_area.f
../model/ic_mod.f
../model/in_binary_512_mod.f
../model/in_binary_512i_mod.f
../model/indices_mod.f
../model/init_namelist.f
../model/is_mod.f
../model/kintheory_energy_dissipation_ss.f
../model/kintheory_mod.f
../model/leqsol_mod.f
../model/line_too_big.f
../model/machine.f
../model/machine_mod.f
../model/make_upper_case.f
../model/matrix_mod.f
../model/mfix_netcdf_mod.f
../model/mflux_mod.f
../model/mms_mod.f
../model/open_file.f
../model/output_mod.f
../model/parallel_mod.f
../model/param1_mod.f
../model/param_mod.f
../model/parse_line.f
../model/parse_mod.f
../model/parse_rxn.f
../model/pgcor_mod.f
../model/physprop_mod.f
../model/ps_mod.f
../model/pscor_mod.f
../model/qmomk/qmom_kinetic_equation_mod.f
../model/qmomk/qmomk_init_namelist.f
../model/qmomk/qmomk_parameters_mod.f
../model/rdf_mod.f
../model/read_database.f
../model/read_namelist.f
../model/read_res0.f
../model/read_res1.f
../model/remove_comment.f
../model/residual_mod.f
../model/run_mod.f
../model/rxn_com_mod.f
../model/rxns_mod.f
../model/scalars_mod.f
../model/scales_mod.f
../model/set_constants.f
../model/set_geometry.f
../model/set_geometry1.f
../model/set_increments.f
../model/set_index1.f
../model/set_index1a.f
../model/set_max2.f
../model/set_param.f
../model/shift_dxyz.f
../model/solids_pressure_mod.f
../model/tau_g_mod.f
../model/tau_s_mod.f
../model/thermochemical/get_values.f
../model/thermochemical/read_thermochemical_mod.f
../model/time_cpu_mod.f
../model/tmp_array1_mod.f
../model/tmp_array_mod.f
../model/toleranc_mod.f
../model/trace_mod.f
../model/turb_mod.f
../model/ur_facs_mod.f
../model/usr_mod.f
../model/utilities_mod.f
../model/visc_g_mod.f
../model/visc_s_mod.f
../model/vshear_mod.f
../model/write_error.f
../model/write_out1.f
../model/write_res0.f
../model/write_res1.f
../model/write_spx0.f
../model/write_spx1.f
../model/xerbla.f
../model/xsi_array_mod.f
any_more_data.f
calc_cell2.f
calc_corr_01.f
calc_corr_type_1.f
calc_distance.f
calc_ep_g.f
calc_quantities.f
calc_ro_g.f
calc_vol.f
chem/stiff_chem_mod.f
correl_mod.f
deallocate_arrays.f
des/write_des_data.f
examine_data.f
f_init_data.f
file_handle.f
finit.f
flow_gx.f
flow_gy.f
flow_gz.f
flow_sx.f
flow_sy.f
flow_sz.f
functions_mod.f
gas_flux.f
get_file_name.f
get_file_status.f
get_index.f
get_location.f
get_mu_s.f
get_same_time.f
get_selection.f
get_substr.f
granular_qty.f
header_main.f
ik_avg.f
ik_avg_out.f
interp_res.f
main_f.f
ornl_corr.f
ornl_corr_c.f
ornl_filt.f
ornl_filt_c.f
ornl_ft.f
ornl_ft_c.f
ornl_header.f
ornl_pca.f
ornl_stats.f
ornl_stats_c.f
ornl_sym.f
ornl_util.f
ornl_zone.f
out_from_res.f
out_from_spx.f
out_spec_time.f
out_time.f
paralleldata_mod.f
post3d_mod.f
post_precision_mod.f
print_out.f
read_spx0.f
read_spx1.f
res_from_spx.f
seek_time.f
select_spx_rec.f
set_dollar.f
set_read_spx.f
sol_flux.f
strcmp.f
streqs.f
time_avg.f
usr_init_namelist.f
usr_input.f
usr_input_mod.f
usr_post.f
usr_write_out1.f
